{"level":"INFO","time":"2025-01-23T17:58:53.890+0800","caller":"web-app/main.go:68","msg":"Shutdown Server ..."}
{"level":"INFO","time":"2025-01-23T17:58:53.893+0800","caller":"web-app/main.go:76","msg":"Server exiting"}
{"level":"INFO","time":"2025-01-24T15:12:33.843+0800","caller":"web-app/main.go:68","msg":"Shutdown Server ..."}
{"level":"INFO","time":"2025-01-24T15:12:33.864+0800","caller":"web-app/main.go:76","msg":"Server exiting"}
{"level":"INFO","time":"2025-01-24T15:22:22.515+0800","caller":"web-app/main.go:68","msg":"Shutdown Server ..."}
{"level":"INFO","time":"2025-01-24T15:22:22.526+0800","caller":"web-app/main.go:76","msg":"Server exiting"}
{"level":"INFO","time":"2025-01-24T15:24:30.689+0800","caller":"web-app/main.go:67","msg":"Shutdown Server ..."}
{"level":"INFO","time":"2025-01-24T15:24:30.692+0800","caller":"web-app/main.go:75","msg":"Server exiting"}
{"level":"INFO","time":"2025-01-24T15:28:10.168+0800","caller":"web-app/main.go:67","msg":"Shutdown Server ..."}
{"level":"INFO","time":"2025-01-24T15:28:10.172+0800","caller":"web-app/main.go:75","msg":"Server exiting"}
{"level":"INFO","time":"2025-01-24T15:35:05.216+0800","caller":"web-app/main.go:67","msg":"Shutdown Server ..."}
{"level":"INFO","time":"2025-01-24T15:35:05.220+0800","caller":"web-app/main.go:75","msg":"Server exiting"}
{"level":"INFO","time":"2025-01-24T15:36:41.125+0800","caller":"web-app/main.go:68","msg":"Shutdown Server ..."}
{"level":"INFO","time":"2025-01-24T15:36:41.129+0800","caller":"web-app/main.go:76","msg":"Server exiting"}
{"level":"INFO","time":"2025-01-24T15:42:50.730+0800","caller":"logger/logger.go:70","msg":"/version","status":200,"method":"GET","path":"/version","query":"","ip":"::1","user-agent":"PostmanRuntime/7.42.0","errors":"","cost":0.000155}
{"level":"INFO","time":"2025-01-24T15:45:33.516+0800","caller":"web-app/main.go:68","msg":"Shutdown Server ..."}
{"level":"INFO","time":"2025-01-24T15:45:33.516+0800","caller":"web-app/main.go:76","msg":"Server exiting"}
{"level":"INFO","time":"2025-01-24T15:48:32.570+0800","caller":"logger/logger.go:70","msg":"/version","status":200,"method":"GET","path":"/version","query":"","ip":"::1","user-agent":"PostmanRuntime/7.42.0","errors":"","cost":0.000156084}
{"level":"INFO","time":"2025-01-24T15:48:36.814+0800","caller":"logger/logger.go:70","msg":"/version","status":200,"method":"GET","path":"/version","query":"","ip":"::1","user-agent":"PostmanRuntime/7.42.0","errors":"","cost":0.0000235}
{"level":"INFO","time":"2025-01-24T15:49:01.383+0800","caller":"web-app/main.go:68","msg":"Shutdown Server ..."}
{"level":"INFO","time":"2025-01-24T15:49:01.384+0800","caller":"web-app/main.go:76","msg":"Server exiting"}
{"level":"INFO","time":"2025-01-24T15:49:08.300+0800","caller":"logger/logger.go:70","msg":"/version","status":200,"method":"GET","path":"/version","query":"","ip":"::1","user-agent":"PostmanRuntime/7.42.0","errors":"","cost":0.000143125}
{"level":"INFO","time":"2025-01-24T15:50:14.314+0800","caller":"web-app/main.go:68","msg":"Shutdown Server ..."}
{"level":"INFO","time":"2025-01-24T15:50:14.315+0800","caller":"web-app/main.go:76","msg":"Server exiting"}
{"level":"INFO","time":"2025-01-24T15:51:23.686+0800","caller":"web-app/main.go:69","msg":"Shutdown Server ..."}
{"level":"INFO","time":"2025-01-24T15:51:23.689+0800","caller":"web-app/main.go:77","msg":"Server exiting"}
{"level":"INFO","time":"2025-01-24T15:51:40.403+0800","caller":"logger/logger.go:70","msg":"/version","status":200,"method":"GET","path":"/version","query":"","ip":"::1","user-agent":"PostmanRuntime/7.42.0","errors":"","cost":0.000115958}
{"level":"INFO","time":"2025-01-24T15:51:48.432+0800","caller":"logger/logger.go:70","msg":"/version","status":200,"method":"GET","path":"/version","query":"","ip":"::1","user-agent":"PostmanRuntime/7.42.0","errors":"","cost":0.000023375}
{"level":"INFO","time":"2025-01-24T15:51:50.837+0800","caller":"web-app/main.go:69","msg":"Shutdown Server ..."}
{"level":"INFO","time":"2025-01-24T15:51:50.837+0800","caller":"web-app/main.go:77","msg":"Server exiting"}
{"level":"INFO","time":"2025-01-27T22:14:50.672+0800","caller":"logger/logger.go:70","msg":"/version","status":200,"method":"GET","path":"/version","query":"","ip":"::1","user-agent":"PostmanRuntime/7.42.0","errors":"","cost":0.000123416}
{"level":"INFO","time":"2025-01-27T22:18:32.844+0800","caller":"web-app/main.go:69","msg":"Shutdown Server ..."}
{"level":"INFO","time":"2025-01-27T22:18:32.845+0800","caller":"web-app/main.go:77","msg":"Server exiting"}
{"level":"INFO","time":"2025-02-06T16:19:42.469+0800","caller":"web-app/main.go:77","msg":"Shutdown Server ..."}
{"level":"INFO","time":"2025-02-06T16:19:42.476+0800","caller":"web-app/main.go:85","msg":"Server exiting"}
{"level":"INFO","time":"2025-02-06T17:21:25.383+0800","caller":"logger/logger.go:70","msg":"/signup","status":200,"method":"POST","path":"/signup","query":"","ip":"::1","user-agent":"PostmanRuntime/7.42.0","errors":"","cost":0.000306583}
{"level":"INFO","time":"2025-02-06T17:21:25.383+0800","caller":"logger/logger.go:70","msg":"/signup","status":200,"method":"POST","path":"/signup","query":"","ip":"::1","user-agent":"PostmanRuntime/7.42.0","errors":"","cost":0.0005415}
{"level":"INFO","time":"2025-02-06T17:22:15.872+0800","caller":"logger/logger.go:70","msg":"/signup","status":200,"method":"POST","path":"/signup","query":"","ip":"::1","user-agent":"PostmanRuntime/7.42.0","errors":"","cost":0.000095833}
{"level":"INFO","time":"2025-02-06T17:22:32.580+0800","caller":"logger/logger.go:70","msg":"/signup","status":200,"method":"POST","path":"/signup","query":"","ip":"::1","user-agent":"PostmanRuntime/7.42.0","errors":"","cost":0.000108625}
{"level":"INFO","time":"2025-02-06T17:22:50.421+0800","caller":"logger/logger.go:70","msg":"/signup","status":200,"method":"POST","path":"/signup","query":"","ip":"::1","user-agent":"PostmanRuntime/7.42.0","errors":"","cost":0.000077333}
{"level":"INFO","time":"2025-02-06T17:28:06.137+0800","caller":"web-app/main.go:77","msg":"Shutdown Server ..."}
{"level":"INFO","time":"2025-02-06T17:28:06.137+0800","caller":"web-app/main.go:85","msg":"Server exiting"}
{"level":"ERROR","time":"2025-02-06T17:28:17.690+0800","caller":"controller/user.go:29","msg":"SignUp with invalid parameters"}
{"level":"INFO","time":"2025-02-06T17:28:17.691+0800","caller":"logger/logger.go:70","msg":"/signup","status":200,"method":"POST","path":"/signup","query":"","ip":"::1","user-agent":"PostmanRuntime/7.42.0","errors":"","cost":0.002049834}
{"level":"INFO","time":"2025-02-06T17:28:22.280+0800","caller":"web-app/main.go:77","msg":"Shutdown Server ..."}
{"level":"INFO","time":"2025-02-06T17:28:22.281+0800","caller":"web-app/main.go:85","msg":"Server exiting"}
{"level":"ERROR","time":"2025-02-06T17:38:19.713+0800","caller":"controller/user.go:20","msg":"SignUp with invalid parameters","error":"Key: 'ParamSignUp.RePassword' Error:Field validation for 'RePassword' failed on the 'required' tag"}
{"level":"INFO","time":"2025-02-06T17:38:19.723+0800","caller":"logger/logger.go:70","msg":"/signup","status":200,"method":"POST","path":"/signup","query":"","ip":"::1","user-agent":"PostmanRuntime/7.42.0","errors":"","cost":0.01102575}
{"level":"INFO","time":"2025-02-06T17:38:31.961+0800","caller":"web-app/main.go:77","msg":"Shutdown Server ..."}
{"level":"INFO","time":"2025-02-06T17:38:31.962+0800","caller":"web-app/main.go:85","msg":"Server exiting"}
{"level":"ERROR","time":"2025-02-06T17:59:12.177+0800","caller":"controller/user.go:21","msg":"SignUp with invalid parameters","error":"Key: 'ParamSignUp.RePassword' Error:Field validation for 'RePassword' failed on the 'required' tag"}
{"level":"INFO","time":"2025-02-06T17:59:12.186+0800","caller":"logger/logger.go:70","msg":"/signup","status":200,"method":"POST","path":"/signup","query":"","ip":"::1","user-agent":"PostmanRuntime/7.42.0","errors":"","cost":0.009450791}
{"level":"INFO","time":"2025-02-06T18:00:22.267+0800","caller":"web-app/main.go:77","msg":"Shutdown Server ..."}
{"level":"INFO","time":"2025-02-06T18:00:22.268+0800","caller":"web-app/main.go:85","msg":"Server exiting"}
{"level":"ERROR","time":"2025-02-06T18:00:29.048+0800","caller":"controller/user.go:21","msg":"SignUp with invalid parameters","error":"Key: 'ParamSignUp.re_password' Error:Field validation for 're_password' failed on the 'required' tag\nKey: 'ParamSignUp.re_password' Error:Field validation for 're_password' failed on the 'eqfield' tag"}
{"level":"INFO","time":"2025-02-06T18:00:29.051+0800","caller":"logger/logger.go:70","msg":"/signup","status":200,"method":"POST","path":"/signup","query":"","ip":"::1","user-agent":"PostmanRuntime/7.42.0","errors":"","cost":0.003355875}
{"level":"INFO","time":"2025-02-06T18:01:43.566+0800","caller":"web-app/main.go:83","msg":"Shutdown Server ..."}
{"level":"INFO","time":"2025-02-06T18:01:43.567+0800","caller":"web-app/main.go:91","msg":"Server exiting"}
{"level":"ERROR","time":"2025-02-06T18:01:46.847+0800","caller":"controller/user.go:21","msg":"SignUp with invalid parameters","error":"Key: 'ParamSignUp.re_password' Error:Field validation for 're_password' failed on the 'required' tag\nKey: 'ParamSignUp.re_password' Error:Field validation for 're_password' failed on the 'eqfield' tag"}
{"level":"INFO","time":"2025-02-06T18:01:46.850+0800","caller":"logger/logger.go:70","msg":"/signup","status":200,"method":"POST","path":"/signup","query":"","ip":"::1","user-agent":"PostmanRuntime/7.42.0","errors":"","cost":0.002654875}
{"level":"INFO","time":"2025-02-06T18:03:03.189+0800","caller":"web-app/main.go:83","msg":"Shutdown Server ..."}
{"level":"INFO","time":"2025-02-06T18:03:03.190+0800","caller":"web-app/main.go:91","msg":"Server exiting"}
{"level":"ERROR","time":"2025-02-06T18:05:04.902+0800","caller":"controller/user.go:21","msg":"SignUp with invalid parameters","error":"Key: 'ParamSignUp.re_password' Error:Field validation for 're_password' failed on the 'required' tag\nKey: 'ParamSignUp.re_password' Error:Field validation for 're_password' failed on the 'required' tag"}
{"level":"INFO","time":"2025-02-06T18:05:04.906+0800","caller":"logger/logger.go:70","msg":"/signup","status":200,"method":"POST","path":"/signup","query":"","ip":"::1","user-agent":"PostmanRuntime/7.42.0","errors":"","cost":0.004441}
{"level":"INFO","time":"2025-02-06T18:05:21.237+0800","caller":"web-app/main.go:83","msg":"Shutdown Server ..."}
{"level":"INFO","time":"2025-02-06T18:05:21.239+0800","caller":"web-app/main.go:91","msg":"Server exiting"}
{"level":"ERROR","time":"2025-02-06T18:07:17.360+0800","caller":"controller/user.go:21","msg":"SignUp with invalid parameters","error":"Key: 'ParamSignUp.password' Error:Field validation for 'password' failed on the 'required' tag\nKey: 'ParamSignUp.re_password' Error:Field validation for 're_password' failed on the 'eqfield' tag"}
{"level":"INFO","time":"2025-02-06T18:07:17.363+0800","caller":"logger/logger.go:70","msg":"/signup","status":200,"method":"POST","path":"/signup","query":"","ip":"::1","user-agent":"PostmanRuntime/7.42.0","errors":"","cost":0.003384041}
{"level":"INFO","time":"2025-02-06T18:08:23.756+0800","caller":"web-app/main.go:83","msg":"Shutdown Server ..."}
{"level":"INFO","time":"2025-02-06T18:08:23.757+0800","caller":"web-app/main.go:91","msg":"Server exiting"}
{"level":"ERROR","time":"2025-02-06T18:08:30.088+0800","caller":"controller/user.go:21","msg":"SignUp with invalid parameters","error":"Key: 'ParamSignUp.password' Error:Field validation for 'password' failed on the 'required' tag"}
{"level":"INFO","time":"2025-02-06T18:08:30.090+0800","caller":"logger/logger.go:70","msg":"/signup","status":200,"method":"POST","path":"/signup","query":"","ip":"::1","user-agent":"PostmanRuntime/7.42.0","errors":"","cost":0.002140417}
{"level":"ERROR","time":"2025-02-06T18:08:35.432+0800","caller":"controller/user.go:21","msg":"SignUp with invalid parameters","error":"Key: 'ParamSignUp.re_password' Error:Field validation for 're_password' failed on the 'required' tag"}
{"level":"INFO","time":"2025-02-06T18:08:35.433+0800","caller":"logger/logger.go:70","msg":"/signup","status":200,"method":"POST","path":"/signup","query":"","ip":"::1","user-agent":"PostmanRuntime/7.42.0","errors":"","cost":0.000287375}
{"level":"ERROR","time":"2025-02-06T18:08:51.082+0800","caller":"controller/user.go:21","msg":"SignUp with invalid parameters","error":"Key: 'ParamSignUp.re_password' Error:Field validation for 're_password' failed on the 'eqfield' tag"}
{"level":"INFO","time":"2025-02-06T18:08:51.082+0800","caller":"logger/logger.go:70","msg":"/signup","status":200,"method":"POST","path":"/signup","query":"","ip":"::1","user-agent":"PostmanRuntime/7.42.0","errors":"","cost":0.000389417}
{"level":"INFO","time":"2025-02-06T18:08:56.903+0800","caller":"logger/logger.go:70","msg":"/signup","status":200,"method":"POST","path":"/signup","query":"","ip":"::1","user-agent":"PostmanRuntime/7.42.0","errors":"","cost":0.000109625}
{"level":"INFO","time":"2025-02-06T18:09:01.413+0800","caller":"web-app/main.go:83","msg":"Shutdown Server ..."}
{"level":"INFO","time":"2025-02-06T18:09:01.414+0800","caller":"web-app/main.go:91","msg":"Server exiting"}
{"level":"INFO","time":"2025-02-06T18:50:39.264+0800","caller":"logger/logger.go:70","msg":"/signup","status":200,"method":"POST","path":"/signup","query":"","ip":"::1","user-agent":"PostmanRuntime/7.42.0","errors":"","cost":0.038053291}
{"level":"INFO","time":"2025-02-06T18:51:23.756+0800","caller":"web-app/main.go:83","msg":"Shutdown Server ..."}
{"level":"INFO","time":"2025-02-06T18:51:23.757+0800","caller":"web-app/main.go:91","msg":"Server exiting"}
{"level":"INFO","time":"2025-02-06T18:51:49.592+0800","caller":"logger/logger.go:70","msg":"/signup","status":200,"method":"POST","path":"/signup","query":"","ip":"::1","user-agent":"PostmanRuntime/7.42.0","errors":"","cost":0.003023959}
{"level":"INFO","time":"2025-02-06T18:52:01.419+0800","caller":"web-app/main.go:83","msg":"Shutdown Server ..."}
{"level":"INFO","time":"2025-02-06T18:52:01.421+0800","caller":"web-app/main.go:91","msg":"Server exiting"}
{"level":"INFO","time":"2025-02-07T11:38:08.782+0800","caller":"logger/logger.go:80","msg":"/login","status":404,"method":"POST","path":"/login","query":"","ip":"::1","user-agent":"PostmanRuntime/7.42.0","errors":"","cost":0.000000833}
{"level":"ERROR","time":"2025-02-07T11:38:54.388+0800","caller":"controller/user.go:20","msg":"SignUp with invalid parameters","error":"Key: 'ParamSignUp.re_password' Error:Field validation for 're_password' failed on the 'required' tag"}
{"level":"INFO","time":"2025-02-07T11:38:54.389+0800","caller":"logger/logger.go:80","msg":"/signup","status":200,"method":"POST","path":"/signup","query":"","ip":"::1","user-agent":"PostmanRuntime/7.42.0","errors":"","cost":0.001419334}
{"level":"INFO","time":"2025-02-07T11:39:10.230+0800","caller":"web-app/main.go:83","msg":"Shutdown Server ..."}
{"level":"INFO","time":"2025-02-07T11:39:10.230+0800","caller":"web-app/main.go:91","msg":"Server exiting"}
{"level":"INFO","time":"2025-02-07T11:39:34.594+0800","caller":"logger/logger.go:80","msg":"/login","status":200,"method":"POST","path":"/login","query":"","ip":"::1","user-agent":"PostmanRuntime/7.42.0","errors":"","cost":0.044930167}
{"level":"ERROR","time":"2025-02-07T11:39:42.685+0800","caller":"controller/user.go:53","msg":"SignUp with invalid parameters","error":"Key: 'ParamLogin.password' Error:Field validation for 'password' failed on the 'required' tag"}
{"level":"INFO","time":"2025-02-07T11:39:42.686+0800","caller":"logger/logger.go:80","msg":"/login","status":200,"method":"POST","path":"/login","query":"","ip":"::1","user-agent":"PostmanRuntime/7.42.0","errors":"","cost":0.000309667}
{"level":"ERROR","time":"2025-02-07T11:39:50.018+0800","caller":"controller/user.go:69","msg":"logic.Login failed","error":"用户不存在"}
{"level":"INFO","time":"2025-02-07T11:39:50.018+0800","caller":"logger/logger.go:80","msg":"/login","status":200,"method":"POST","path":"/login","query":"","ip":"::1","user-agent":"PostmanRuntime/7.42.0","errors":"","cost":0.001227042}
{"level":"INFO","time":"2025-02-07T11:40:05.014+0800","caller":"web-app/main.go:83","msg":"Shutdown Server ..."}
{"level":"INFO","time":"2025-02-07T11:40:05.016+0800","caller":"web-app/main.go:91","msg":"Server exiting"}
{"level":"ERROR","time":"2025-02-07T11:40:33.465+0800","caller":"controller/user.go:69","msg":"logic.Login failed","error":"用户不存在"}
{"level":"INFO","time":"2025-02-07T11:40:33.467+0800","caller":"logger/logger.go:80","msg":"/login","status":200,"method":"POST","path":"/login","query":"","ip":"::1","user-agent":"PostmanRuntime/7.42.0","errors":"","cost":0.004898291}
{"level":"ERROR","time":"2025-02-07T11:40:41.370+0800","caller":"controller/user.go:69","msg":"logic.Login failed","error":"密码错误"}
{"level":"INFO","time":"2025-02-07T11:40:41.371+0800","caller":"logger/logger.go:80","msg":"/login","status":200,"method":"POST","path":"/login","query":"","ip":"::1","user-agent":"PostmanRuntime/7.42.0","errors":"","cost":0.001844708}
{"level":"INFO","time":"2025-02-07T11:40:46.227+0800","caller":"logger/logger.go:80","msg":"/login","status":200,"method":"POST","path":"/login","query":"","ip":"::1","user-agent":"PostmanRuntime/7.42.0","errors":"","cost":0.001064292}
{"level":"INFO","time":"2025-02-07T11:40:54.096+0800","caller":"web-app/main.go:83","msg":"Shutdown Server ..."}
{"level":"INFO","time":"2025-02-07T11:40:54.097+0800","caller":"web-app/main.go:91","msg":"Server exiting"}
{"level":"INFO","time":"2025-02-07T17:15:41.264+0800","caller":"logger/logger.go:80","msg":"/login","status":200,"method":"POST","path":"/login","query":"","ip":"::1","user-agent":"PostmanRuntime/7.42.0","errors":"","cost":0.0604615}
{"level":"INFO","time":"2025-02-07T17:25:49.113+0800","caller":"web-app/main.go:83","msg":"Shutdown Server ..."}
{"level":"INFO","time":"2025-02-07T17:25:49.113+0800","caller":"web-app/main.go:91","msg":"Server exiting"}
